<?xml version="1.0" encoding="UTF-8"?>
<!-- Generated by org.testng.reporters.JUnitReportReporter -->
<testsuite skipped="0" hostname="Toshiba-PC" name="testcases.CreateAccountTest" tests="2" failures="0" timestamp="07 May 2020 16:18:39 GMT" time="65.152" errors="0">
  <testcase name="createAccountTest" time="21.341" classname="testcases.CreateAccountTest"/>
  <testcase name="createAccountTest" time="43.811" classname="testcases.CreateAccountTest"/>
</testsuite> <!-- testcases.CreateAccountTest -->
