<?xml version="1.0" encoding="UTF-8"?>
<!-- Generated by org.testng.reporters.JUnitReportReporter -->
<testsuite skipped="0" hostname="Toshiba-PC" name="testcases.CreateAccountTest" tests="2" failures="0" timestamp="09 Apr 2020 16:38:17 GMT" time="30.431" errors="0">
  <testcase name="createAccountTest" time="16.960" classname="testcases.CreateAccountTest"/>
  <testcase name="createAccountTest" time="13.471" classname="testcases.CreateAccountTest"/>
</testsuite> <!-- testcases.CreateAccountTest -->
