<?xml version="1.0" encoding="UTF-8"?>
<!-- Generated by org.testng.reporters.JUnitReportReporter -->
<testsuite skipped="0" hostname="Toshiba-PC" name="rough.DoAmazon" tests="2" failures="0" timestamp="11 Apr 2020 11:28:39 GMT" time="0.018" errors="0">
  <testcase name="doAmazon" time="0.003" classname="rough.DoAmazon"/>
  <testcase name="doAmazon" time="0.015" classname="rough.DoAmazon"/>
</testsuite> <!-- rough.DoAmazon -->
